# JRE version: OpenJDK Runtime Environment (21.0.3) (build 21.0.3+-12282718-b509.11)
# Java VM: OpenJDK 64-Bit Server VM (21.0.3+-12282718-b509.11, mixed mode, tiered, compressed oops, compressed class ptrs, g1 gc, windows-amd64)
GC Precious Log:
 CardTable entry size: 512
 Card Set container configuration: InlinePtr #cards 5 size 8 Array Of Cards #cards 12 size 40 Howl #buckets 4 coarsen threshold 1843 Howl Bitmap #cards 512 size 80 coarsen threshold 460 Card regions per heap region 1 cards per card region 2048
 CPUs: 4 total, 4 available
 Memory: 8026M
 Large Page Support: Disabled
 NUMA Support: Disabled
 Compressed Oops: Enabled (32-bit)
 Heap Region Size: 1M
 Heap Min Capacity: 8M
 Heap Initial Capacity: 126M
 Heap Max Capacity: 2G
 Pre-touch: Disabled
 Parallel Workers: 4
 Concurrent Workers: 1
 Concurrent Refinement Workers: 4
 Periodic GC: Disabled
Heap:
 garbage-first heap   total 501760K, used 436923K [0x0000000080000000, 0x0000000100000000)
  region size 1024K, 257 young (263168K), 14 survivors (14336K)
 Metaspace       used 162231K, committed 164608K, reserved 1245184K
  class space    used 20958K, committed 22144K, reserved 1048576K
GC Heap History (20 events):
Event: 68.310 GC heap before
{Heap before GC invocations=103 (full 0):
 garbage-first heap   total 501760K, used 412160K [0x0000000080000000, 0x0000000100000000)
  region size 1024K, 194 young (198656K), 23 survivors (23552K)
 Metaspace       used 140189K, committed 142464K, reserved 1179648K
  class space    used 18520K, committed 19648K, reserved 1048576K
}
Event: 68.359 GC heap after
{Heap after GC invocations=104 (full 0):
 garbage-first heap   total 501760K, used 245760K [0x0000000080000000, 0x0000000100000000)
  region size 1024K, 8 young (8192K), 8 survivors (8192K)
 Metaspace       used 140189K, committed 142464K, reserved 1179648K
  class space    used 18520K, committed 19648K, reserved 1048576K
}
Event: 69.134 GC heap before
{Heap before GC invocations=104 (full 0):
 garbage-first heap   total 501760K, used 433152K [0x0000000080000000, 0x0000000100000000)
  region size 1024K, 182 young (186368K), 8 survivors (8192K)
 Metaspace       used 140198K, committed 142464K, reserved 1179648K
  class space    used 18520K, committed 19648K, reserved 1048576K
}
Event: 69.163 GC heap after
{Heap after GC invocations=105 (full 0):
 garbage-first heap   total 501760K, used 254976K [0x0000000080000000, 0x0000000100000000)
  region size 1024K, 10 young (10240K), 10 survivors (10240K)
 Metaspace       used 140198K, committed 142464K, reserved 1179648K
  class space    used 18520K, committed 19648K, reserved 1048576K
}
Event: 70.568 GC heap before
{Heap before GC invocations=105 (full 0):
 garbage-first heap   total 501760K, used 448512K [0x0000000080000000, 0x0000000100000000)
  region size 1024K, 188 young (192512K), 10 survivors (10240K)
 Metaspace       used 140560K, committed 142784K, reserved 1179648K
  class space    used 18566K, committed 19712K, reserved 1048576K
}
Event: 70.600 GC heap after
{Heap after GC invocations=106 (full 0):
 garbage-first heap   total 501760K, used 277345K [0x0000000080000000, 0x0000000100000000)
  region size 1024K, 22 young (22528K), 22 survivors (22528K)
 Metaspace       used 140560K, committed 142784K, reserved 1179648K
  class space    used 18566K, committed 19712K, reserved 1048576K
}
Event: 71.319 GC heap before
{Heap before GC invocations=106 (full 0):
 garbage-first heap   total 501760K, used 366433K [0x0000000080000000, 0x0000000100000000)
  region size 1024K, 101 young (103424K), 22 survivors (22528K)
 Metaspace       used 140578K, committed 142784K, reserved 1179648K
  class space    used 18567K, committed 19712K, reserved 1048576K
}
Event: 71.340 GC heap after
{Heap after GC invocations=107 (full 0):
 garbage-first heap   total 501760K, used 280547K [0x0000000080000000, 0x0000000100000000)
  region size 1024K, 2 young (2048K), 2 survivors (2048K)
 Metaspace       used 140578K, committed 142784K, reserved 1179648K
  class space    used 18567K, committed 19712K, reserved 1048576K
}
Event: 77.287 GC heap before
{Heap before GC invocations=108 (full 0):
 garbage-first heap   total 501760K, used 463843K [0x0000000080000000, 0x0000000100000000)
  region size 1024K, 172 young (176128K), 2 survivors (2048K)
 Metaspace       used 150686K, committed 152832K, reserved 1245184K
  class space    used 19847K, committed 20928K, reserved 1048576K
}
Event: 77.304 GC heap after
{Heap after GC invocations=109 (full 0):
 garbage-first heap   total 501760K, used 266824K [0x0000000080000000, 0x0000000100000000)
  region size 1024K, 12 young (12288K), 12 survivors (12288K)
 Metaspace       used 150686K, committed 152832K, reserved 1245184K
  class space    used 19847K, committed 20928K, reserved 1048576K
}
Event: 79.100 GC heap before
{Heap before GC invocations=109 (full 0):
 garbage-first heap   total 501760K, used 453192K [0x0000000080000000, 0x0000000100000000)
  region size 1024K, 195 young (199680K), 12 survivors (12288K)
 Metaspace       used 150709K, committed 152960K, reserved 1245184K
  class space    used 19847K, committed 20928K, reserved 1048576K
}
Event: 79.134 GC heap after
{Heap after GC invocations=110 (full 0):
 garbage-first heap   total 501760K, used 229827K [0x0000000080000000, 0x0000000100000000)
  region size 1024K, 16 young (16384K), 16 survivors (16384K)
 Metaspace       used 150709K, committed 152960K, reserved 1245184K
  class space    used 19847K, committed 20928K, reserved 1048576K
}
Event: 80.240 GC heap before
{Heap before GC invocations=110 (full 0):
 garbage-first heap   total 501760K, used 454083K [0x0000000080000000, 0x0000000100000000)
  region size 1024K, 234 young (239616K), 16 survivors (16384K)
 Metaspace       used 150712K, committed 152960K, reserved 1245184K
  class space    used 19847K, committed 20928K, reserved 1048576K
}
Event: 80.275 GC heap after
{Heap after GC invocations=111 (full 0):
 garbage-first heap   total 501760K, used 224768K [0x0000000080000000, 0x0000000100000000)
  region size 1024K, 19 young (19456K), 19 survivors (19456K)
 Metaspace       used 150712K, committed 152960K, reserved 1245184K
  class space    used 19847K, committed 20928K, reserved 1048576K
}
Event: 82.046 GC heap before
{Heap before GC invocations=111 (full 0):
 garbage-first heap   total 501760K, used 457216K [0x0000000080000000, 0x0000000100000000)
  region size 1024K, 245 young (250880K), 19 survivors (19456K)
 Metaspace       used 151151K, committed 153344K, reserved 1245184K
  class space    used 19906K, committed 20992K, reserved 1048576K
}
Event: 82.072 GC heap after
{Heap after GC invocations=112 (full 0):
 garbage-first heap   total 501760K, used 227963K [0x0000000080000000, 0x0000000100000000)
  region size 1024K, 13 young (13312K), 13 survivors (13312K)
 Metaspace       used 151151K, committed 153344K, reserved 1245184K
  class space    used 19906K, committed 20992K, reserved 1048576K
}
Event: 83.128 GC heap before
{Heap before GC invocations=112 (full 0):
 garbage-first heap   total 501760K, used 296571K [0x0000000080000000, 0x0000000100000000)
  region size 1024K, 82 young (83968K), 13 survivors (13312K)
 Metaspace       used 151287K, committed 153536K, reserved 1245184K
  class space    used 19929K, committed 21056K, reserved 1048576K
}
Event: 83.158 GC heap after
{Heap after GC invocations=113 (full 0):
 garbage-first heap   total 501760K, used 234619K [0x0000000080000000, 0x0000000100000000)
  region size 1024K, 20 young (20480K), 20 survivors (20480K)
 Metaspace       used 151287K, committed 153536K, reserved 1245184K
  class space    used 19929K, committed 21056K, reserved 1048576K
}
Event: 648.184 GC heap before
{Heap before GC invocations=114 (full 0):
 garbage-first heap   total 501760K, used 411771K [0x0000000080000000, 0x0000000100000000)
  region size 1024K, 222 young (227328K), 20 survivors (20480K)
 Metaspace       used 160834K, committed 163072K, reserved 1245184K
  class space    used 20886K, committed 22016K, reserved 1048576K
}
Event: 648.527 GC heap after
{Heap after GC invocations=115 (full 0):
 garbage-first heap   total 501760K, used 173755K [0x0000000080000000, 0x0000000100000000)
  region size 1024K, 14 young (14336K), 14 survivors (14336K)
 Metaspace       used 160834K, committed 163072K, reserved 1245184K
  class space    used 20886K, committed 22016K, reserved 1048576K
}

