# JRE version: OpenJDK Runtime Environment (21.0.3) (build 21.0.3+-12282718-b509.11)
# Java VM: OpenJDK 64-Bit Server VM (21.0.3+-12282718-b509.11, mixed mode, tiered, compressed oops, compressed class ptrs, g1 gc, windows-amd64)
GC Precious Log:
 CardTable entry size: 512
 Card Set container configuration: InlinePtr #cards 5 size 8 Array Of Cards #cards 12 size 40 Howl #buckets 4 coarsen threshold 1843 Howl Bitmap #cards 512 size 80 coarsen threshold 460 Card regions per heap region 1 cards per card region 2048
 CPUs: 4 total, 4 available
 Memory: 8026M
 Large Page Support: Disabled
 NUMA Support: Disabled
 Compressed Oops: Enabled (32-bit)
 Heap Region Size: 1M
 Heap Min Capacity: 8M
 Heap Initial Capacity: 126M
 Heap Max Capacity: 2G
 Pre-touch: Disabled
 Parallel Workers: 4
 Concurrent Workers: 1
 Concurrent Refinement Workers: 4
 Periodic GC: Disabled
Heap:
 garbage-first heap   total 375808K, used 251991K [0x0000000080000000, 0x0000000100000000)
  region size 1024K, 76 young (77824K), 13 survivors (13312K)
 Metaspace       used 153838K, committed 156352K, reserved 1245184K
  class space    used 19838K, committed 21504K, reserved 1048576K
GC Heap History (20 events):
Event: 4783.460 GC heap before
{Heap before GC invocations=74 (full 0):
 garbage-first heap   total 375808K, used 234496K [0x0000000080000000, 0x0000000100000000)
  region size 1024K, 61 young (62464K), 8 survivors (8192K)
 Metaspace       used 152708K, committed 155520K, reserved 1245184K
  class space    used 19834K, committed 21504K, reserved 1048576K
}
Event: 4783.501 GC heap after
{Heap after GC invocations=75 (full 0):
 garbage-first heap   total 375808K, used 169949K [0x0000000080000000, 0x0000000100000000)
  region size 1024K, 5 young (5120K), 5 survivors (5120K)
 Metaspace       used 152708K, committed 155520K, reserved 1245184K
  class space    used 19834K, committed 21504K, reserved 1048576K
}
Event: 4784.536 GC heap before
{Heap before GC invocations=75 (full 0):
 garbage-first heap   total 375808K, used 271325K [0x0000000080000000, 0x0000000100000000)
  region size 1024K, 97 young (99328K), 5 survivors (5120K)
 Metaspace       used 153211K, committed 155648K, reserved 1245184K
  class space    used 19856K, committed 21504K, reserved 1048576K
}
Event: 4784.566 GC heap after
{Heap after GC invocations=76 (full 0):
 garbage-first heap   total 375808K, used 177612K [0x0000000080000000, 0x0000000100000000)
  region size 1024K, 13 young (13312K), 13 survivors (13312K)
 Metaspace       used 153211K, committed 155648K, reserved 1245184K
  class space    used 19856K, committed 21504K, reserved 1048576K
}
Event: 4880.173 GC heap before
{Heap before GC invocations=76 (full 0):
 garbage-first heap   total 375808K, used 298444K [0x0000000080000000, 0x0000000100000000)
  region size 1024K, 118 young (120832K), 13 survivors (13312K)
 Metaspace       used 153436K, committed 155776K, reserved 1245184K
  class space    used 19856K, committed 21504K, reserved 1048576K
}
Event: 4880.282 GC heap after
{Heap after GC invocations=77 (full 0):
 garbage-first heap   total 375808K, used 163791K [0x0000000080000000, 0x0000000100000000)
  region size 1024K, 4 young (4096K), 4 survivors (4096K)
 Metaspace       used 153436K, committed 155776K, reserved 1245184K
  class space    used 19856K, committed 21504K, reserved 1048576K
}
Event: 4885.051 GC heap before
{Heap before GC invocations=77 (full 0):
 garbage-first heap   total 375808K, used 260047K [0x0000000080000000, 0x0000000100000000)
  region size 1024K, 93 young (95232K), 4 survivors (4096K)
 Metaspace       used 153938K, committed 156160K, reserved 1245184K
  class space    used 19879K, committed 21504K, reserved 1048576K
}
Event: 4885.110 GC heap after
{Heap after GC invocations=78 (full 0):
 garbage-first heap   total 375808K, used 181182K [0x0000000080000000, 0x0000000100000000)
  region size 1024K, 12 young (12288K), 12 survivors (12288K)
 Metaspace       used 153938K, committed 156160K, reserved 1245184K
  class space    used 19879K, committed 21504K, reserved 1048576K
}
Event: 4950.147 GC heap before
{Heap before GC invocations=78 (full 0):
 garbage-first heap   total 375808K, used 236478K [0x0000000080000000, 0x0000000100000000)
  region size 1024K, 55 young (56320K), 12 survivors (12288K)
 Metaspace       used 154043K, committed 156288K, reserved 1245184K
  class space    used 19881K, committed 21504K, reserved 1048576K
}
Event: 4950.338 GC heap after
{Heap after GC invocations=79 (full 0):
 garbage-first heap   total 375808K, used 173039K [0x0000000080000000, 0x0000000100000000)
  region size 1024K, 3 young (3072K), 3 survivors (3072K)
 Metaspace       used 154043K, committed 156288K, reserved 1245184K
  class space    used 19881K, committed 21504K, reserved 1048576K
}
Event: 4956.516 GC heap before
{Heap before GC invocations=79 (full 0):
 garbage-first heap   total 375808K, used 236527K [0x0000000080000000, 0x0000000100000000)
  region size 1024K, 64 young (65536K), 3 survivors (3072K)
 Metaspace       used 154137K, committed 156352K, reserved 1245184K
  class space    used 19881K, committed 21504K, reserved 1048576K
}
Event: 4956.608 GC heap after
{Heap after GC invocations=80 (full 0):
 garbage-first heap   total 375808K, used 186255K [0x0000000080000000, 0x0000000100000000)
  region size 1024K, 8 young (8192K), 8 survivors (8192K)
 Metaspace       used 154137K, committed 156352K, reserved 1245184K
  class space    used 19881K, committed 21504K, reserved 1048576K
}
Event: 4957.268 GC heap before
{Heap before GC invocations=80 (full 0):
 garbage-first heap   total 375808K, used 232335K [0x0000000080000000, 0x0000000100000000)
  region size 1024K, 39 young (39936K), 8 survivors (8192K)
 Metaspace       used 154146K, committed 156352K, reserved 1245184K
  class space    used 19881K, committed 21504K, reserved 1048576K
}
Event: 4957.386 GC heap after
{Heap after GC invocations=81 (full 0):
 garbage-first heap   total 375808K, used 195584K [0x0000000080000000, 0x0000000100000000)
  region size 1024K, 5 young (5120K), 5 survivors (5120K)
 Metaspace       used 154146K, committed 156352K, reserved 1245184K
  class space    used 19881K, committed 21504K, reserved 1048576K
}
Event: 4960.230 GC heap before
{Heap before GC invocations=81 (full 0):
 garbage-first heap   total 375808K, used 249856K [0x0000000080000000, 0x0000000100000000)
  region size 1024K, 59 young (60416K), 5 survivors (5120K)
 Metaspace       used 154204K, committed 156416K, reserved 1245184K
  class space    used 19881K, committed 21504K, reserved 1048576K
}
Event: 4960.258 GC heap after
{Heap after GC invocations=82 (full 0):
 garbage-first heap   total 375808K, used 200704K [0x0000000080000000, 0x0000000100000000)
  region size 1024K, 5 young (5120K), 5 survivors (5120K)
 Metaspace       used 154204K, committed 156416K, reserved 1245184K
  class space    used 19881K, committed 21504K, reserved 1048576K
}
Event: 4960.318 GC heap before
{Heap before GC invocations=82 (full 0):
 garbage-first heap   total 375808K, used 202752K [0x0000000080000000, 0x0000000100000000)
  region size 1024K, 8 young (8192K), 5 survivors (5120K)
 Metaspace       used 154208K, committed 156416K, reserved 1245184K
  class space    used 19881K, committed 21504K, reserved 1048576K
}
Event: 4960.329 GC heap after
{Heap after GC invocations=83 (full 0):
 garbage-first heap   total 375808K, used 201380K [0x0000000080000000, 0x0000000100000000)
  region size 1024K, 6 young (6144K), 6 survivors (6144K)
 Metaspace       used 154208K, committed 156416K, reserved 1245184K
  class space    used 19881K, committed 21504K, reserved 1048576K
}
Event: 4965.113 GC heap before
{Heap before GC invocations=84 (full 0):
 garbage-first heap   total 375808K, used 272036K [0x0000000080000000, 0x0000000100000000)
  region size 1024K, 102 young (104448K), 6 survivors (6144K)
 Metaspace       used 153775K, committed 156352K, reserved 1245184K
  class space    used 19838K, committed 21504K, reserved 1048576K
}
Event: 4965.154 GC heap after
{Heap after GC invocations=85 (full 0):
 garbage-first heap   total 375808K, used 175191K [0x0000000080000000, 0x0000000100000000)
  region size 1024K, 13 young (13312K), 13 survivors (13312K)
 Metaspace       used 153775K, committed 156352K, reserved 1245184K
  class space    used 19838K, committed 21504K, reserved 1048576K
}

